<?xml version="1.0" encoding="UTF-8"?>
<!-- Generated by org.testng.reporters.JUnitReportReporter -->
<testsuite hostname="Admin-PC" failures="0" tests="4" name="aliexpress.tests.AliExpressWorkflow" time="91.012" errors="0" timestamp="2020-07-26T20:42:47 IST" skipped="0">
  <testcase classname="aliexpress.tests.AliExpressWorkflow" name="searchproduct" time="30.885"/>
  <system-out/>
  <testcase classname="aliexpress.tests.AliExpressWorkflow" name="searchresultpagevalidation" time="2.579"/>
  <system-out/>
  <testcase classname="aliexpress.tests.AliExpressWorkflow" name="productpagevalidation" time="55.098"/>
  <system-out/>
  <testcase classname="aliexpress.tests.AliExpressWorkflow" name="Buytheproductproductpagevalidation" time="2.450"/>
  <system-out/>
</testsuite> <!-- aliexpress.tests.AliExpressWorkflow -->
