<?xml version="1.0" encoding="UTF-8"?>
<!-- Generated by org.testng.reporters.JUnitReportReporter -->
<testsuite hostname="Admin-PC" failures="0" tests="15" name="aliexpress.tests.AliExpressWorkflow" time="66.947" errors="0" timestamp="2020-07-27T10:42:31 IST" skipped="0">
  <testcase classname="aliexpress.tests.AliExpressWorkflow" name="searchproduct" time="14.701"/>
  <system-out/>
  <testcase classname="aliexpress.tests.AliExpressWorkflow" name="closepopup" time="0.029"/>
  <system-out/>
  <testcase classname="aliexpress.tests.AliExpressWorkflow" name="closepopup" time="0.060"/>
  <system-out/>
  <testcase classname="aliexpress.tests.AliExpressWorkflow" name="closepopup" time="0.026"/>
  <system-out/>
  <testcase classname="aliexpress.tests.AliExpressWorkflow" name="closepopup" time="0.048"/>
  <system-out/>
  <testcase classname="aliexpress.tests.AliExpressWorkflow" name="closepopup" time="0.033"/>
  <system-out/>
  <testcase classname="aliexpress.tests.AliExpressWorkflow" name="closepopup" time="0.403"/>
  <system-out/>
  <testcase classname="aliexpress.tests.AliExpressWorkflow" name="closepopup" time="0.035"/>
  <system-out/>
  <testcase classname="aliexpress.tests.AliExpressWorkflow" name="searchresultpagevalidation" time="2.742"/>
  <system-out/>
  <testcase classname="aliexpress.tests.AliExpressWorkflow" name="closepopup" time="0.053"/>
  <system-out/>
  <testcase classname="aliexpress.tests.AliExpressWorkflow" name="closepopup" time="0.026"/>
  <system-out/>
  <testcase classname="aliexpress.tests.AliExpressWorkflow" name="closepopup" time="0.069"/>
  <system-out/>
  <testcase classname="aliexpress.tests.AliExpressWorkflow" name="productpagevalidation" time="43.117"/>
  <system-out/>
  <testcase classname="aliexpress.tests.AliExpressWorkflow" name="Buytheproductproductpagevalidation" time="3.609"/>
  <system-out/>
  <testcase classname="aliexpress.tests.AliExpressWorkflow" name="verifyproductimage" time="1.996"/>
  <system-out/>
</testsuite> <!-- aliexpress.tests.AliExpressWorkflow -->
